<?xml version="1.0" encoding="UTF-8"?>
<testng-results ignored="0" total="1" passed="1" failed="0" skipped="0">
  <reporter-output>
  </reporter-output>
  <suite started-at="2024-07-06T19:10:16 IST" name="Default suite" finished-at="2024-07-06T19:10:25 IST" duration-ms="9037">
    <groups>
    </groups>
    <test started-at="2024-07-06T19:10:16 IST" name="Default test" finished-at="2024-07-06T19:10:25 IST" duration-ms="9037">
      <class name="My_Package.Elemental_Selenium">
        <test-method is-config="true" signature="setup()[pri:0, instance:My_Package.Elemental_Selenium@738dc9b]" started-at="2024-07-06T19:10:16 IST" name="setup" finished-at="2024-07-06T19:10:19 IST" duration-ms="2911" status="PASS">
          <reporter-output>
          </reporter-output>
        </test-method> <!-- setup -->
        <test-method signature="tc1()[pri:0, instance:My_Package.Elemental_Selenium@738dc9b]" started-at="2024-07-06T19:10:19 IST" name="tc1" finished-at="2024-07-06T19:10:22 IST" duration-ms="2855" status="PASS">
          <reporter-output>
          </reporter-output>
        </test-method> <!-- tc1 -->
        <test-method is-config="true" signature="teardwon()[pri:0, instance:My_Package.Elemental_Selenium@738dc9b]" started-at="2024-07-06T19:10:22 IST" name="teardwon" finished-at="2024-07-06T19:10:25 IST" duration-ms="3218" status="PASS">
          <reporter-output>
          </reporter-output>
        </test-method> <!-- teardwon -->
      </class> <!-- My_Package.Elemental_Selenium -->
    </test> <!-- Default test -->
  </suite> <!-- Default suite -->
</testng-results>
